<?xml version="1.0" encoding="UTF-8"?>
<!-- Generated by org.testng.reporters.JUnitReportReporter -->
<testsuite hostname="hp-pc" name="com.deepthi.selenium.MavenFirstTestCase" tests="2" failures="0" timestamp="7 Feb 2016 11:01:16 GMT" time="13.435" errors="0">
  <testcase name="testMethod2" time="0.001" classname="com.deepthi.selenium.MavenFirstTestCase"/>
  <testcase name="testMethod1" time="13.434" classname="com.deepthi.selenium.MavenFirstTestCase"/>
</testsuite> <!-- com.deepthi.selenium.MavenFirstTestCase -->
