<?xml version="1.0" encoding="UTF-8"?>
<!-- Generated by org.testng.reporters.JUnitReportReporter -->
<testsuite hostname="hp-pc" name="com.deepthi.selenium.GroupsTest" tests="3" failures="0" timestamp="7 Feb 2016 11:01:16 GMT" time="0.000" errors="0">
  <testcase name="testMethod1" time="0.000" classname="com.deepthi.selenium.GroupsTest"/>
  <testcase name="testMethod3" time="0.000" classname="com.deepthi.selenium.GroupsTest"/>
  <testcase name="testMethod2" time="0.000" classname="com.deepthi.selenium.GroupsTest"/>
</testsuite> <!-- com.deepthi.selenium.GroupsTest -->
