<?xml version="1.0" encoding="UTF-8"?>
<!-- Generated by org.testng.reporters.JUnitReportReporter -->
<testsuite hostname="hp-pc" name="com.deepthi.selenium.GmailRegistrationTest" tests="1" failures="0" timestamp="7 Feb 2016 11:01:16 GMT" time="0.015" errors="0">
  <testcase name="gmailReg" time="0.015" classname="com.deepthi.selenium.GmailRegistrationTest"/>
</testsuite> <!-- com.deepthi.selenium.GmailRegistrationTest -->
