<?xml version="1.0" encoding="UTF-8"?>
<!-- Generated by org.testng.reporters.JUnitReportReporter -->
<testsuite hostname="hp-pc" name="com.deepthi.selenium.ThirdMavenTestCase" tests="1" failures="0" timestamp="7 Feb 2016 11:01:16 GMT" time="0.001" errors="0">
  <testcase name="thirdTestCase" time="0.001" classname="com.deepthi.selenium.ThirdMavenTestCase"/>
</testsuite> <!-- com.deepthi.selenium.ThirdMavenTestCase -->
